<?xml version="1.0" encoding="UTF-8"?>
<robot generator="Robot 6.0.2 (Python 3.10.6 on win32)" generated="20230227 15:56:31.949" rpa="false" schemaversion="3">
<suite id="s1" name="Mais-Amazon-Tests" source="F:\Curso Robotframework\Nivel Basico\webtesting\tests\mais-amazon-tests.robot">
<test id="s1-t1" name="Teste-03" line="6">
<kw name="Start Test" library="mais-amazon-resources" type="SETUP">
<kw name="New Browser" library="Browser">
<arg>headless=false</arg>
<tag>BrowserControl</tag>
<tag>Setter</tag>
<doc>Create a new playwright Browser with specified options.</doc>
<msg timestamp="20230227 15:56:32.653" level="INFO">{"browser": "chromium", "headless": false, "devtools": false, "handleSIGHUP": true, "handleSIGINT": true, "handleSIGTERM": true, "slowMo": 0.0, "timeout": 30000.0, "deprecated_pos_args": [], "tracesDir": "F:\\Curso Robotframework\\Nivel Basico\\webtesting\\logs\\browser\\traces\\9ac6fea0-fe90-449b-8497-7626c51ac195"}</msg>
<msg timestamp="20230227 15:56:33.604" level="INFO">Successfully created browser with options: {"browser":"chromium","headless":false,"devtools":false,"handleSIGHUP":true,"handleSIGINT":true,"handleSIGTERM":true,"slowMo":0,"timeout":30000,"deprecated_pos_args":[],"tracesDir":"F:\\Curso Robotframework\\Nivel Basico\\webtesting\\logs\\browser\\traces\\9ac6fea0-fe90-449b-8497-7626c51ac195"}</msg>
<status status="PASS" starttime="20230227 15:56:32.653" endtime="20230227 15:56:33.604"/>
</kw>
<kw name="New Context" library="Browser">
<arg>viewport={'width': 1440, 'height': 768}</arg>
<tag>BrowserControl</tag>
<tag>Setter</tag>
<doc>Create a new BrowserContext with specified options.</doc>
<msg timestamp="20230227 15:56:33.605" level="INFO">{
  "acceptDownloads": true,
  "bypassCSP": false,
  "forcedColors": "none",
  "hideRfBrowser": false,
  "ignoreHTTPSErrors": false,
  "javaScriptEnabled": true,
  "offline": false,
  "reducedMotion": "no-preference",
  "viewport": {
    "width": 1440,
    "height": 768
  },
  "deprecated_pos_args": []
}</msg>
<msg timestamp="20230227 15:56:33.618" level="INFO">Successfully created context. </msg>
<msg timestamp="20230227 15:56:33.618" level="INFO">{'acceptDownloads': True, 'bypassCSP': False, 'forcedColors': 'none', 'hideRfBrowser': False, 'ignoreHTTPSErrors': False, 'javaScriptEnabled': True, 'offline': False, 'reducedMotion': 'no-preference', 'viewport': {'width': 1440, 'height': 768}, 'deprecated_pos_args': []}</msg>
<status status="PASS" starttime="20230227 15:56:33.604" endtime="20230227 15:56:33.618"/>
</kw>
<status status="PASS" starttime="20230227 15:56:32.653" endtime="20230227 15:56:33.618"/>
</kw>
<kw name="Acessar a home page do site Amazon.com.br" library="mais-amazon-resources">
<kw name="New Page" library="Browser">
<arg>${url}</arg>
<tag>BrowserControl</tag>
<tag>Setter</tag>
<doc>Open a new Page.</doc>
<msg timestamp="20230227 15:56:36.230" level="INFO">Successfully initialized new page object and opened url: https://www.amazon.com.br</msg>
<status status="PASS" starttime="20230227 15:56:33.619" endtime="20230227 15:56:36.230"/>
</kw>
<kw name="Wait For Elements State" library="Browser">
<arg>${menu_eletronicos}</arg>
<arg>visible</arg>
<tag>PageContent</tag>
<tag>Wait</tag>
<doc>Waits for the element found by ``selector`` to satisfy state option.</doc>
<msg timestamp="20230227 15:56:36.292" level="INFO">Waited for Element with selector //a[contains(@data-csa-c-content-id,'nav_cs_electronics')] at state visible</msg>
<status status="PASS" starttime="20230227 15:56:36.230" endtime="20230227 15:56:36.292"/>
</kw>
<status status="PASS" starttime="20230227 15:56:33.619" endtime="20230227 15:56:36.292"/>
</kw>
<kw name="Digitar o nome de produto &quot;Controle Xbox Series S&quot; no campo de pesquisa" library="mais-amazon-resources" sourcename="Digitar o nome de produto &quot;${produto}&quot; no campo de pesquisa">
<kw name="Fill Text" library="Browser">
<arg>//input[contains(@type,'text')]</arg>
<arg>${produto}</arg>
<tag>PageContent</tag>
<tag>Setter</tag>
<doc>Clears and fills the given ``txt`` into the text field found by ``selector``.</doc>
<msg timestamp="20230227 15:56:36.293" level="INFO">Fills the text 'Controle Xbox Series S' in the given field.</msg>
<status status="PASS" starttime="20230227 15:56:36.293" endtime="20230227 15:56:36.338"/>
</kw>
<status status="PASS" starttime="20230227 15:56:36.292" endtime="20230227 15:56:36.338"/>
</kw>
<kw name="Clicar no botão de pesquisa" library="mais-amazon-resources">
<kw name="Click" library="Browser">
<arg>//input[contains(@type,'submit')]</arg>
<tag>PageContent</tag>
<tag>Setter</tag>
<doc>Simulates mouse click on the element found by ``selector``.</doc>
<status status="PASS" starttime="20230227 15:56:36.340" endtime="20230227 15:56:36.801"/>
</kw>
<status status="PASS" starttime="20230227 15:56:36.339" endtime="20230227 15:56:36.801"/>
</kw>
<kw name="Verificar o resultado da pesquisa se está listando o produto &quot;Controle Xbox Series S&quot;" library="mais-amazon-resources" sourcename="Verificar o resultado da pesquisa se está listando o produto &quot;${produto}&quot;">
<kw name="Wait For Elements State" library="Browser">
<arg>//span[@class='a-color-state a-text-bold'][contains(.,'${produto}')]</arg>
<arg>visible</arg>
<tag>PageContent</tag>
<tag>Wait</tag>
<doc>Waits for the element found by ``selector`` to satisfy state option.</doc>
<msg timestamp="20230227 15:56:37.138" level="INFO">Waited for Element with selector //span[@class='a-color-state a-text-bold'][contains(.,'Controle Xbox Series S')] at state visible</msg>
<status status="PASS" starttime="20230227 15:56:36.802" endtime="20230227 15:56:37.138"/>
</kw>
<status status="PASS" starttime="20230227 15:56:36.801" endtime="20230227 15:56:37.138"/>
</kw>
<kw name="Adicionar o produto &quot;Controle Xbox Series S&quot; no carrinho" library="mais-amazon-resources">
<kw name="Click" library="Browser">
<arg>//span[@class='a-size-base-plus a-color-base a-text-normal'][contains(.,'Controle sem Fio Xbox - Robot Branco')]</arg>
<tag>PageContent</tag>
<tag>Setter</tag>
<doc>Simulates mouse click on the element found by ``selector``.</doc>
<status status="PASS" starttime="20230227 15:56:37.139" endtime="20230227 15:56:37.909"/>
</kw>
<kw name="Wait For Elements State" library="Browser">
<arg>//input[contains(@name,'submit.add-to-cart')]</arg>
<arg>visible</arg>
<tag>PageContent</tag>
<tag>Wait</tag>
<doc>Waits for the element found by ``selector`` to satisfy state option.</doc>
<msg timestamp="20230227 15:56:39.252" level="INFO">Waited for Element with selector //input[contains(@name,'submit.add-to-cart')] at state visible</msg>
<status status="PASS" starttime="20230227 15:56:37.910" endtime="20230227 15:56:39.252"/>
</kw>
<kw name="Click" library="Browser">
<arg>//input[contains(@name,'submit.add-to-cart')]</arg>
<tag>PageContent</tag>
<tag>Setter</tag>
<doc>Simulates mouse click on the element found by ``selector``.</doc>
<status status="PASS" starttime="20230227 15:56:39.252" endtime="20230227 15:56:39.882"/>
</kw>
<status status="PASS" starttime="20230227 15:56:37.139" endtime="20230227 15:56:39.882"/>
</kw>
<kw name="Verificar se o produto &quot;Controle Xbox Series S&quot; foi adicionado com sucesso" library="mais-amazon-resources">
<kw name="Wait For Elements State" library="Browser">
<arg>//a[contains(@data-csa-c-type,'button')]</arg>
<arg>visible</arg>
<tag>PageContent</tag>
<tag>Wait</tag>
<doc>Waits for the element found by ``selector`` to satisfy state option.</doc>
<msg timestamp="20230227 15:56:40.839" level="INFO">Waited for Element with selector //a[contains(@data-csa-c-type,'button')] at state visible</msg>
<status status="PASS" starttime="20230227 15:56:39.884" endtime="20230227 15:56:40.839"/>
</kw>
<kw name="Click" library="Browser">
<arg>//a[contains(@data-csa-c-type,'button')]</arg>
<tag>PageContent</tag>
<tag>Setter</tag>
<doc>Simulates mouse click on the element found by ``selector``.</doc>
<status status="PASS" starttime="20230227 15:56:40.839" endtime="20230227 15:56:41.370"/>
</kw>
<kw name="Wait For Elements State" library="Browser">
<arg>//span[@class='a-truncate-cut'][contains(.,'Controle sem Fio Xbox - Robot Branco')]</arg>
<arg>visible</arg>
<tag>PageContent</tag>
<tag>Wait</tag>
<doc>Waits for the element found by ``selector`` to satisfy state option.</doc>
<msg timestamp="20230227 15:56:42.206" level="INFO">Waited for Element with selector //span[@class='a-truncate-cut'][contains(.,'Controle sem Fio Xbox - Robot Branco')] at state visible</msg>
<status status="PASS" starttime="20230227 15:56:41.370" endtime="20230227 15:56:42.206"/>
</kw>
<status status="PASS" starttime="20230227 15:56:39.883" endtime="20230227 15:56:42.206"/>
</kw>
<kw name="Sleep" library="BuiltIn">
<arg>2</arg>
<doc>Pauses the test executed for the given time.</doc>
<msg timestamp="20230227 15:56:44.218" level="INFO">Slept 2 seconds</msg>
<status status="PASS" starttime="20230227 15:56:42.207" endtime="20230227 15:56:44.218"/>
</kw>
<kw name="Take Screenshot" library="Browser">
<arg>filename=controleXboxSeriesS</arg>
<tag>PageContent</tag>
<doc>Takes a screenshot of the current window or element and saves it to disk.</doc>
<msg timestamp="20230227 15:56:44.355" level="INFO" html="true">&lt;/td&gt;&lt;/tr&gt;&lt;tr&gt;&lt;td colspan="3"&gt;&lt;a href="browser/screenshot/controleXboxSeriesS.png" target="_blank"&gt;&lt;img src="browser/screenshot/controleXboxSeriesS.png" width="800px"/&gt;&lt;/a&gt;</msg>
<status status="PASS" starttime="20230227 15:56:44.218" endtime="20230227 15:56:44.355"/>
</kw>
<doc>Esse teste verifica a adição de um produto no carrinho de compras</doc>
<tag>adicionar_carrinho</tag>
<status status="PASS" starttime="20230227 15:56:32.651" endtime="20230227 15:56:44.356"/>
</test>
<test id="s1-t2" name="Teste-04" line="18">
<kw name="Start Test" library="mais-amazon-resources" type="SETUP">
<kw name="New Browser" library="Browser">
<arg>headless=false</arg>
<tag>BrowserControl</tag>
<tag>Setter</tag>
<doc>Create a new playwright Browser with specified options.</doc>
<msg timestamp="20230227 15:56:44.527" level="INFO">Switching browser to browser=9fec3705-4eda-4773-a053-b31257a097ac</msg>
<msg timestamp="20230227 15:56:44.530" level="INFO">Successfully changed active browser</msg>
<msg timestamp="20230227 15:56:44.530" level="INFO">Reusing existing browser with id: browser=9fec3705-4eda-4773-a053-b31257a097ac</msg>
<status status="PASS" starttime="20230227 15:56:44.527" endtime="20230227 15:56:44.530"/>
</kw>
<kw name="New Context" library="Browser">
<arg>viewport={'width': 1440, 'height': 768}</arg>
<tag>BrowserControl</tag>
<tag>Setter</tag>
<doc>Create a new BrowserContext with specified options.</doc>
<msg timestamp="20230227 15:56:44.532" level="INFO">{
  "acceptDownloads": true,
  "bypassCSP": false,
  "forcedColors": "none",
  "hideRfBrowser": false,
  "ignoreHTTPSErrors": false,
  "javaScriptEnabled": true,
  "offline": false,
  "reducedMotion": "no-preference",
  "viewport": {
    "width": 1440,
    "height": 768
  },
  "deprecated_pos_args": []
}</msg>
<msg timestamp="20230227 15:56:44.555" level="INFO">Successfully created context. </msg>
<msg timestamp="20230227 15:56:44.555" level="INFO">{'acceptDownloads': True, 'bypassCSP': False, 'forcedColors': 'none', 'hideRfBrowser': False, 'ignoreHTTPSErrors': False, 'javaScriptEnabled': True, 'offline': False, 'reducedMotion': 'no-preference', 'viewport': {'width': 1440, 'height': 768}, 'deprecated_pos_args': []}</msg>
<status status="PASS" starttime="20230227 15:56:44.531" endtime="20230227 15:56:44.555"/>
</kw>
<status status="PASS" starttime="20230227 15:56:44.525" endtime="20230227 15:56:44.555"/>
</kw>
<kw name="Acessar a home page do site Amazon.com.br" library="mais-amazon-resources">
<kw name="New Page" library="Browser">
<arg>${url}</arg>
<tag>BrowserControl</tag>
<tag>Setter</tag>
<doc>Open a new Page.</doc>
<msg timestamp="20230227 15:56:47.827" level="INFO">Successfully initialized new page object and opened url: https://www.amazon.com.br</msg>
<status status="PASS" starttime="20230227 15:56:44.556" endtime="20230227 15:56:47.827"/>
</kw>
<kw name="Wait For Elements State" library="Browser">
<arg>${menu_eletronicos}</arg>
<arg>visible</arg>
<tag>PageContent</tag>
<tag>Wait</tag>
<doc>Waits for the element found by ``selector`` to satisfy state option.</doc>
<msg timestamp="20230227 15:56:47.883" level="INFO">Waited for Element with selector //a[contains(@data-csa-c-content-id,'nav_cs_electronics')] at state visible</msg>
<status status="PASS" starttime="20230227 15:56:47.828" endtime="20230227 15:56:47.883"/>
</kw>
<status status="PASS" starttime="20230227 15:56:44.556" endtime="20230227 15:56:47.884"/>
</kw>
<kw name="Digitar o nome de produto &quot;Controle Xbox Series S&quot; no campo de pesquisa" library="mais-amazon-resources" sourcename="Digitar o nome de produto &quot;${produto}&quot; no campo de pesquisa">
<kw name="Fill Text" library="Browser">
<arg>//input[contains(@type,'text')]</arg>
<arg>${produto}</arg>
<tag>PageContent</tag>
<tag>Setter</tag>
<doc>Clears and fills the given ``txt`` into the text field found by ``selector``.</doc>
<msg timestamp="20230227 15:56:47.885" level="INFO">Fills the text 'Controle Xbox Series S' in the given field.</msg>
<status status="PASS" starttime="20230227 15:56:47.884" endtime="20230227 15:56:47.923"/>
</kw>
<status status="PASS" starttime="20230227 15:56:47.884" endtime="20230227 15:56:47.923"/>
</kw>
<kw name="Clicar no botão de pesquisa" library="mais-amazon-resources">
<kw name="Click" library="Browser">
<arg>//input[contains(@type,'submit')]</arg>
<tag>PageContent</tag>
<tag>Setter</tag>
<doc>Simulates mouse click on the element found by ``selector``.</doc>
<status status="PASS" starttime="20230227 15:56:47.924" endtime="20230227 15:56:48.344"/>
</kw>
<status status="PASS" starttime="20230227 15:56:47.923" endtime="20230227 15:56:48.344"/>
</kw>
<kw name="Verificar o resultado da pesquisa se está listando o produto &quot;Controle Xbox Series S&quot;" library="mais-amazon-resources" sourcename="Verificar o resultado da pesquisa se está listando o produto &quot;${produto}&quot;">
<kw name="Wait For Elements State" library="Browser">
<arg>//span[@class='a-color-state a-text-bold'][contains(.,'${produto}')]</arg>
<arg>visible</arg>
<tag>PageContent</tag>
<tag>Wait</tag>
<doc>Waits for the element found by ``selector`` to satisfy state option.</doc>
<msg timestamp="20230227 15:56:48.667" level="INFO">Waited for Element with selector //span[@class='a-color-state a-text-bold'][contains(.,'Controle Xbox Series S')] at state visible</msg>
<status status="PASS" starttime="20230227 15:56:48.345" endtime="20230227 15:56:48.667"/>
</kw>
<status status="PASS" starttime="20230227 15:56:48.345" endtime="20230227 15:56:48.668"/>
</kw>
<kw name="Adicionar o produto &quot;Controle Xbox Series S&quot; no carrinho" library="mais-amazon-resources">
<kw name="Click" library="Browser">
<arg>//span[@class='a-size-base-plus a-color-base a-text-normal'][contains(.,'Controle sem Fio Xbox - Robot Branco')]</arg>
<tag>PageContent</tag>
<tag>Setter</tag>
<doc>Simulates mouse click on the element found by ``selector``.</doc>
<status status="PASS" starttime="20230227 15:56:48.668" endtime="20230227 15:56:49.446"/>
</kw>
<kw name="Wait For Elements State" library="Browser">
<arg>//input[contains(@name,'submit.add-to-cart')]</arg>
<arg>visible</arg>
<tag>PageContent</tag>
<tag>Wait</tag>
<doc>Waits for the element found by ``selector`` to satisfy state option.</doc>
<msg timestamp="20230227 15:56:50.343" level="INFO">Waited for Element with selector //input[contains(@name,'submit.add-to-cart')] at state visible</msg>
<status status="PASS" starttime="20230227 15:56:49.447" endtime="20230227 15:56:50.343"/>
</kw>
<kw name="Click" library="Browser">
<arg>//input[contains(@name,'submit.add-to-cart')]</arg>
<tag>PageContent</tag>
<tag>Setter</tag>
<doc>Simulates mouse click on the element found by ``selector``.</doc>
<status status="PASS" starttime="20230227 15:56:50.344" endtime="20230227 15:56:50.969"/>
</kw>
<status status="PASS" starttime="20230227 15:56:48.668" endtime="20230227 15:56:50.970"/>
</kw>
<kw name="Verificar se o produto &quot;Controle Xbox Series S&quot; foi adicionado com sucesso" library="mais-amazon-resources">
<kw name="Wait For Elements State" library="Browser">
<arg>//a[contains(@data-csa-c-type,'button')]</arg>
<arg>visible</arg>
<tag>PageContent</tag>
<tag>Wait</tag>
<doc>Waits for the element found by ``selector`` to satisfy state option.</doc>
<msg timestamp="20230227 15:56:51.347" level="INFO">Waited for Element with selector //a[contains(@data-csa-c-type,'button')] at state visible</msg>
<status status="PASS" starttime="20230227 15:56:50.971" endtime="20230227 15:56:51.347"/>
</kw>
<kw name="Click" library="Browser">
<arg>//a[contains(@data-csa-c-type,'button')]</arg>
<tag>PageContent</tag>
<tag>Setter</tag>
<doc>Simulates mouse click on the element found by ``selector``.</doc>
<status status="PASS" starttime="20230227 15:56:51.348" endtime="20230227 15:56:52.000"/>
</kw>
<kw name="Wait For Elements State" library="Browser">
<arg>//span[@class='a-truncate-cut'][contains(.,'Controle sem Fio Xbox - Robot Branco')]</arg>
<arg>visible</arg>
<tag>PageContent</tag>
<tag>Wait</tag>
<doc>Waits for the element found by ``selector`` to satisfy state option.</doc>
<msg timestamp="20230227 15:56:52.829" level="INFO">Waited for Element with selector //span[@class='a-truncate-cut'][contains(.,'Controle sem Fio Xbox - Robot Branco')] at state visible</msg>
<status status="PASS" starttime="20230227 15:56:52.000" endtime="20230227 15:56:52.829"/>
</kw>
<status status="PASS" starttime="20230227 15:56:50.970" endtime="20230227 15:56:52.830"/>
</kw>
<kw name="Remover o produto &quot;Controle Xbox Series S&quot; do carrinho" library="mais-amazon-resources">
<kw name="Click" library="Browser">
<arg>//input[@value='Excluir']</arg>
<tag>PageContent</tag>
<tag>Setter</tag>
<doc>Simulates mouse click on the element found by ``selector``.</doc>
<status status="PASS" starttime="20230227 15:56:52.830" endtime="20230227 15:56:52.922"/>
</kw>
<status status="PASS" starttime="20230227 15:56:52.830" endtime="20230227 15:56:52.922"/>
</kw>
<kw name="Verificar se o carrinho fica vazio" library="mais-amazon-resources">
<kw name="Wait For Elements State" library="Browser">
<arg>//div[contains(@data-action,'delete')]</arg>
<arg>visible</arg>
<tag>PageContent</tag>
<tag>Wait</tag>
<doc>Waits for the element found by ``selector`` to satisfy state option.</doc>
<msg timestamp="20230227 15:56:52.933" level="INFO">Waited for Element with selector //div[contains(@data-action,'delete')] at state visible</msg>
<status status="PASS" starttime="20230227 15:56:52.923" endtime="20230227 15:56:52.933"/>
</kw>
<status status="PASS" starttime="20230227 15:56:52.922" endtime="20230227 15:56:52.933"/>
</kw>
<kw name="Sleep" library="BuiltIn">
<arg>2</arg>
<doc>Pauses the test executed for the given time.</doc>
<msg timestamp="20230227 15:56:54.948" level="INFO">Slept 2 seconds</msg>
<status status="PASS" starttime="20230227 15:56:52.934" endtime="20230227 15:56:54.948"/>
</kw>
<kw name="Take Screenshot" library="Browser">
<arg>filename=resultadoBuscaProduto</arg>
<tag>PageContent</tag>
<doc>Takes a screenshot of the current window or element and saves it to disk.</doc>
<msg timestamp="20230227 15:56:55.084" level="INFO" html="true">&lt;/td&gt;&lt;/tr&gt;&lt;tr&gt;&lt;td colspan="3"&gt;&lt;a href="browser/screenshot/resultadoBuscaProduto.png" target="_blank"&gt;&lt;img src="browser/screenshot/resultadoBuscaProduto.png" width="800px"/&gt;&lt;/a&gt;</msg>
<status status="PASS" starttime="20230227 15:56:54.948" endtime="20230227 15:56:55.084"/>
</kw>
<doc>Esse teste verifica a remoção de um produto no carrinho de compras</doc>
<tag>remover_carrinho</tag>
<status status="PASS" starttime="20230227 15:56:44.522" endtime="20230227 15:56:55.085"/>
</test>
<status status="PASS" starttime="20230227 15:56:31.950" endtime="20230227 15:56:55.197"/>
</suite>
<statistics>
<total>
<stat pass="2" fail="0" skip="0">All Tests</stat>
</total>
<tag>
<stat pass="1" fail="0" skip="0">adicionar_carrinho</stat>
<stat pass="1" fail="0" skip="0">remover_carrinho</stat>
</tag>
<suite>
<stat pass="2" fail="0" skip="0" id="s1" name="Mais-Amazon-Tests">Mais-Amazon-Tests</stat>
</suite>
</statistics>
<errors>
</errors>
</robot>
